[debug] [2026-01-16T12:41:28.563Z] ----------------------------------------------------------------------
[debug] [2026-01-16T12:41:28.568Z] Command:       C:\Program Files\nodejs\node.exe C:\Users\sec\AppData\Roaming\npm\node_modules\firebase-tools\lib\bin\firebase.js init
[debug] [2026-01-16T12:41:28.569Z] CLI Version:   15.3.1
[debug] [2026-01-16T12:41:28.569Z] Platform:      win32
[debug] [2026-01-16T12:41:28.569Z] Node Version:  v22.6.0
[debug] [2026-01-16T12:41:28.569Z] Time:          Fri Jan 16 2026 13:41:28 GMT+0100 (Central European Standard Time)
[debug] [2026-01-16T12:41:28.570Z] ----------------------------------------------------------------------
[debug] 
[info] 
     ######## #### ########  ######## ########     ###     ######  ########
     ##        ##  ##     ## ##       ##     ##  ##   ##  ##       ##
     ######    ##  ########  ######   ########  #########  ######  ######
     ##        ##  ##    ##  ##       ##     ## ##     ##       ## ##
     ##       #### ##     ## ######## ########  ##     ##  ######  ########

You're about to initialize a Firebase project in this directory:

  C:\Users\sec\Desktop\Github\AskerGui\AskerGui\client

[info] 
=== Project Setup
[info] 
[info] First, let's associate this project directory with a Firebase project.
[info] You can create multiple project aliases by running firebase use --add, 
[info] 
[debug] [2026-01-16T12:43:07.663Z] > command requires scopes: ["email","openid","https://www.googleapis.com/auth/cloudplatformprojects.readonly","https://www.googleapis.com/auth/firebase","https://www.googleapis.com/auth/cloud-platform"]
[debug] [2026-01-16T12:43:07.663Z] > authorizing via signed-in user (seckermartin6@gmail.com)
[debug] [2026-01-16T12:43:07.665Z] Checked if tokens are valid: true, expires at: 1768570879464
[debug] [2026-01-16T12:43:07.665Z] Checked if tokens are valid: true, expires at: 1768570879464
[debug] [2026-01-16T12:43:07.667Z] >>> [apiv2][query] GET https://firebase.googleapis.com/v1beta1/projects pageSize=100
[debug] [2026-01-16T12:43:08.167Z] <<< [apiv2][status] GET https://firebase.googleapis.com/v1beta1/projects 200
[debug] [2026-01-16T12:43:08.167Z] <<< [apiv2][body] GET https://firebase.googleapis.com/v1beta1/projects [omitted]
[info] 
=== Hosting Setup
[debug] [2026-01-16T12:43:09.804Z] Checked if tokens are valid: true, expires at: 1768570879464
[debug] [2026-01-16T12:43:09.804Z] Checked if tokens are valid: true, expires at: 1768570879464
[debug] [2026-01-16T12:43:09.804Z] >>> [apiv2][query] GET https://firebase.googleapis.com/v1beta1/projects/askergui [none]
[debug] [2026-01-16T12:43:10.048Z] <<< [apiv2][status] GET https://firebase.googleapis.com/v1beta1/projects/askergui 200
[debug] [2026-01-16T12:43:10.049Z] <<< [apiv2][body] GET https://firebase.googleapis.com/v1beta1/projects/askergui {"projectId":"askergui","projectNumber":"187274761862","displayName":"AskerGui","name":"projects/askergui","resources":{"hostingSite":"askergui","realtimeDatabaseInstance":"askergui-default-rtdb"},"state":"ACTIVE","etag":"1_3f464907-d9e6-4ce7-9926-e16e39462022"}
[info] 
[info] Your public directory is the folder (relative to your project directory) that
[info] will contain Hosting assets to be uploaded with firebase deploy. If you
[info] have a build process for your assets, use your build's output directory.
[info] 
